<?xml version="1.0" encoding="UTF-8"?>
<!-- Generated by org.testng.reporters.JUnitReportReporter -->
<testsuite skipped="0" hostname="DESKTOP-9448OA7" name="pom.irctc.testcase.TC009" tests="1" failures="0" timestamp="18 Apr 2022 18:06:40 GMT" time="12.390" errors="0">
  <testcase name="promptAlert" time="12.390" classname="pom.irctc.testcase.TC009"/>
</testsuite> <!-- pom.irctc.testcase.TC009 -->
