<?xml version="1.0" encoding="UTF-8"?>
<!-- Generated by org.testng.reporters.JUnitReportReporter -->
<testsuite skipped="0" hostname="DESKTOP-9448OA7" name="pom.irctc.testcase.TC005" tests="1" failures="0" timestamp="19 Apr 2022 12:17:30 GMT" time="424.885" errors="0">
  <testcase name="verifyGst" time="424.885" classname="pom.irctc.testcase.TC005"/>
</testsuite> <!-- pom.irctc.testcase.TC005 -->
