<?xml version="1.0" encoding="UTF-8"?>
<!-- Generated by org.testng.reporters.JUnitReportReporter -->
<testsuite skipped="0" hostname="DESKTOP-9448OA7" name="pom.irctc.testcase.TC003" tests="1" failures="0" timestamp="19 Apr 2022 11:28:59 GMT" time="41.181" errors="0">
  <testcase name="enquiryForm" time="41.181" classname="pom.irctc.testcase.TC003"/>
</testsuite> <!-- pom.irctc.testcase.TC003 -->
