<?xml version="1.0" encoding="UTF-8"?>
<!-- Generated by org.testng.reporters.JUnitReportReporter -->
<testsuite hostname="DESKTOP-9448OA7" name="testcases.TC002" tests="1" failures="0" timestamp="20 Oct 2022 03:55:39 GMT" time="37.552" errors="0">
  <testcase name="customerLogin" time="37.552" classname="testcases.TC002"/>
</testsuite> <!-- testcases.TC002 -->
