<?xml version="1.0" encoding="UTF-8"?>
<!-- Generated by org.testng.reporters.JUnitReportReporter -->
<testsuite hostname="DESKTOP-9448OA7" name="testcases.TC002" tests="1" failures="0" timestamp="20 Oct 2022 07:21:20 GMT" time="38.427" errors="0">
  <testcase name="customerLogin" time="38.427" classname="testcases.TC002"/>
</testsuite> <!-- testcases.TC002 -->
