<?xml version="1.0" encoding="UTF-8"?>
<!-- Generated by org.testng.reporters.JUnitReportReporter -->
<testsuite hostname="DESKTOP-9448OA7" name="testcases.TC001" tests="1" failures="0" timestamp="20 Oct 2022 03:55:39 GMT" time="54.832" errors="0">
  <testcase name="CustomerDetails" time="54.832" classname="testcases.TC001"/>
</testsuite> <!-- testcases.TC001 -->
